# JRE version: Java(TM) SE Runtime Environment (8.0_60-b27) (build 1.8.0_60-b27)
# Java VM: Java HotSpot(TM) 64-Bit Server VM (25.60-b23 mixed mode windows-amd64 compressed oops)
Heap:
 PSYoungGen      total 167424K, used 104206K [0x000000076b180000, 0x0000000780880000, 0x00000007c0000000)
  eden space 156672K, 59% used [0x000000076b180000,0x0000000770cc3f98,0x0000000774a80000)
  from space 10752K, 99% used [0x000000077b180000,0x000000077bbff8f8,0x000000077bc00000)
  to   space 78336K, 0% used [0x000000077bc00000,0x000000077bc00000,0x0000000780880000)
 ParOldGen       total 368128K, used 204066K [0x00000006c1400000, 0x00000006d7b80000, 0x000000076b180000)
  object space 368128K, 55% used [0x00000006c1400000,0x00000006cdb48bb0,0x00000006d7b80000)
 Metaspace       used 19735K, capacity 20100K, committed 20224K, reserved 1067008K
  class space    used 2351K, capacity 2447K, committed 2560K, reserved 1048576K
GC Heap History (10 events):
Event: 1.208 GC heap before
{Heap before GC invocations=2 (full 0):
 PSYoungGen      total 76288K, used 74549K [0x000000076b180000, 0x0000000774680000, 0x00000007c0000000)
  eden space 65536K, 97% used [0x000000076b180000,0x000000076efd0208,0x000000076f180000)
  from space 10752K, 99% used [0x000000076f180000,0x000000076fbfd3b8,0x000000076fc00000)
  to   space 10752K, 0% used [0x0000000773c00000,0x0000000773c00000,0x0000000774680000)
 ParOldGen       total 175104K, used 45508K [0x00000006c1400000, 0x00000006cbf00000, 0x000000076b180000)
  object space 175104K, 25% used [0x00000006c1400000,0x00000006c4071220,0x00000006cbf00000)
 Metaspace       used 4817K, capacity 5068K, committed 5248K, reserved 1056768K
  class space    used 546K, capacity 564K, committed 640K, reserved 1048576K
Event: 1.242 GC heap after
Heap after GC invocations=2 (full 0):
 PSYoungGen      total 141824K, used 10748K [0x000000076b180000, 0x0000000774680000, 0x00000007c0000000)
  eden space 131072K, 0% used [0x000000076b180000,0x000000076b180000,0x0000000773180000)
  from space 10752K, 99% used [0x0000000773c00000,0x000000077467f060,0x0000000774680000)
  to   space 10752K, 0% used [0x0000000773180000,0x0000000773180000,0x0000000773c00000)
 ParOldGen       total 175104K, used 100689K [0x00000006c1400000, 0x00000006cbf00000, 0x000000076b180000)
  object space 175104K, 57% used [0x00000006c1400000,0x00000006c76545a0,0x00000006cbf00000)
 Metaspace       used 4817K, capacity 5068K, committed 5248K, reserved 1056768K
  class space    used 546K, capacity 564K, committed 640K, reserved 1048576K
}
Event: 2.508 GC heap before
{Heap before GC invocations=3 (full 0):
 PSYoungGen      total 141824K, used 141820K [0x000000076b180000, 0x0000000774680000, 0x00000007c0000000)
  eden space 131072K, 100% used [0x000000076b180000,0x0000000773180000,0x0000000773180000)
  from space 10752K, 99% used [0x0000000773c00000,0x000000077467f060,0x0000000774680000)
  to   space 10752K, 0% used [0x0000000773180000,0x0000000773180000,0x0000000773c00000)
 ParOldGen       total 175104K, used 100689K [0x00000006c1400000, 0x00000006cbf00000, 0x000000076b180000)
  object space 175104K, 57% used [0x00000006c1400000,0x00000006c76545a0,0x00000006cbf00000)
 Metaspace       used 13522K, capacity 13720K, committed 14080K, reserved 1060864K
  class space    used 1845K, capacity 1924K, committed 2048K, reserved 1048576K
Event: 2.551 GC heap after
Heap after GC invocations=3 (full 0):
 PSYoungGen      total 141824K, used 10721K [0x000000076b180000, 0x000000077c680000, 0x00000007c0000000)
  eden space 131072K, 0% used [0x000000076b180000,0x000000076b180000,0x0000000773180000)
  from space 10752K, 99% used [0x0000000773180000,0x0000000773bf84a8,0x0000000773c00000)
  to   space 10752K, 0% used [0x000000077bc00000,0x000000077bc00000,0x000000077c680000)
 ParOldGen       total 175104K, used 170408K [0x00000006c1400000, 0x00000006cbf00000, 0x000000076b180000)
  object space 175104K, 97% used [0x00000006c1400000,0x00000006cba6a0e8,0x00000006cbf00000)
 Metaspace       used 13522K, capacity 13720K, committed 14080K, reserved 1060864K
  class space    used 1845K, capacity 1924K, committed 2048K, reserved 1048576K
}
Event: 2.551 GC heap before
{Heap before GC invocations=4 (full 1):
 PSYoungGen      total 141824K, used 10721K [0x000000076b180000, 0x000000077c680000, 0x00000007c0000000)
  eden space 131072K, 0% used [0x000000076b180000,0x000000076b180000,0x0000000773180000)
  from space 10752K, 99% used [0x0000000773180000,0x0000000773bf84a8,0x0000000773c00000)
  to   space 10752K, 0% used [0x000000077bc00000,0x000000077bc00000,0x000000077c680000)
 ParOldGen       total 175104K, used 170408K [0x00000006c1400000, 0x00000006cbf00000, 0x000000076b180000)
  object space 175104K, 97% used [0x00000006c1400000,0x00000006cba6a0e8,0x00000006cbf00000)
 Metaspace       used 13522K, capacity 13720K, committed 14080K, reserved 1060864K
  class space    used 1845K, capacity 1924K, committed 2048K, reserved 1048576K
Event: 3.583 GC heap after
Heap after GC invocations=4 (full 1):
 PSYoungGen      total 141824K, used 8599K [0x000000076b180000, 0x000000077c680000, 0x00000007c0000000)
  eden space 131072K, 0% used [0x000000076b180000,0x000000076b180000,0x0000000773180000)
  from space 10752K, 79% used [0x0000000773180000,0x00000007739e5f40,0x0000000773c00000)
  to   space 10752K, 0% used [0x000000077bc00000,0x000000077bc00000,0x000000077c680000)
 ParOldGen       total 368128K, used 171113K [0x00000006c1400000, 0x00000006d7b80000, 0x000000076b180000)
  object space 368128K, 46% used [0x00000006c1400000,0x00000006cbb1a730,0x00000006d7b80000)
 Metaspace       used 13522K, capacity 13720K, committed 14080K, reserved 1060864K
  class space    used 1845K, capacity 1924K, committed 2048K, reserved 1048576K
}
Event: 31.421 GC heap before
{Heap before GC invocations=5 (full 1):
 PSYoungGen      total 141824K, used 139671K [0x000000076b180000, 0x000000077c680000, 0x00000007c0000000)
  eden space 131072K, 100% used [0x000000076b180000,0x0000000773180000,0x0000000773180000)
  from space 10752K, 79% used [0x0000000773180000,0x00000007739e5f40,0x0000000773c00000)
  to   space 10752K, 0% used [0x000000077bc00000,0x000000077bc00000,0x000000077c680000)
 ParOldGen       total 368128K, used 171113K [0x00000006c1400000, 0x00000006d7b80000, 0x000000076b180000)
  object space 368128K, 46% used [0x00000006c1400000,0x00000006cbb1a730,0x00000006d7b80000)
 Metaspace       used 18740K, capacity 19062K, committed 19328K, reserved 1067008K
  class space    used 2280K, capacity 2381K, committed 2432K, reserved 1048576K
Event: 31.457 GC heap after
Heap after GC invocations=5 (full 1):
 PSYoungGen      total 155648K, used 10735K [0x000000076b180000, 0x000000077c680000, 0x00000007c0000000)
  eden space 144896K, 0% used [0x000000076b180000,0x000000076b180000,0x0000000773f00000)
  from space 10752K, 99% used [0x000000077bc00000,0x000000077c67bf28,0x000000077c680000)
  to   space 10752K, 0% used [0x000000077b180000,0x000000077b180000,0x000000077bc00000)
 ParOldGen       total 368128K, used 202337K [0x00000006c1400000, 0x00000006d7b80000, 0x000000076b180000)
  object space 368128K, 54% used [0x00000006c1400000,0x00000006cd998698,0x00000006d7b80000)
 Metaspace       used 18740K, capacity 19062K, committed 19328K, reserved 1067008K
  class space    used 2280K, capacity 2381K, committed 2432K, reserved 1048576K
}
Event: 148.242 GC heap before
{Heap before GC invocations=6 (full 1):
 PSYoungGen      total 155648K, used 155631K [0x000000076b180000, 0x000000077c680000, 0x00000007c0000000)
  eden space 144896K, 100% used [0x000000076b180000,0x0000000773f00000,0x0000000773f00000)
  from space 10752K, 99% used [0x000000077bc00000,0x000000077c67bf28,0x000000077c680000)
  to   space 10752K, 0% used [0x000000077b180000,0x000000077b180000,0x000000077bc00000)
 ParOldGen       total 368128K, used 202337K [0x00000006c1400000, 0x00000006d7b80000, 0x000000076b180000)
  object space 368128K, 54% used [0x00000006c1400000,0x00000006cd998698,0x00000006d7b80000)
 Metaspace       used 19490K, capacity 19876K, committed 20224K, reserved 1067008K
  class space    used 2348K, capacity 2443K, committed 2560K, reserved 1048576K
Event: 148.252 GC heap after
Heap after GC invocations=6 (full 1):
 PSYoungGen      total 167424K, used 10750K [0x000000076b180000, 0x0000000780880000, 0x00000007c0000000)
  eden space 156672K, 0% used [0x000000076b180000,0x000000076b180000,0x0000000774a80000)
  from space 10752K, 99% used [0x000000077b180000,0x000000077bbff8f8,0x000000077bc00000)
  to   space 78336K, 0% used [0x000000077bc00000,0x000000077bc00000,0x0000000780880000)
 ParOldGen       total 368128K, used 204066K [0x00000006c1400000, 0x00000006d7b80000, 0x000000076b180000)
  object space 368128K, 55% used [0x00000006c1400000,0x00000006cdb48bb0,0x00000006d7b80000)
 Metaspace       used 19490K, capacity 19876K, committed 20224K, reserved 1067008K
  class space    used 2348K, capacity 2443K, committed 2560K, reserved 1048576K
}

